<?xml version="1.0" encoding="UTF-8"?>
<!-- Generated by org.testng.reporters.JUnitReportReporter -->
<testsuite hostname="LAPTOP-LLOHTH1K" failures="0" tests="1" name="testClasses.VerifyUserCanLogin" time="3.639" errors="0" timestamp="2022-10-20T07:47:48 IST" skipped="0">
  <testcase classname="testClasses.VerifyUserCanLogin" name="userLogin" time="3.639"/>
  <system-out/>
</testsuite> <!-- testClasses.VerifyUserCanLogin -->
